<?xml version="1.0" encoding="UTF-8"?>
<!-- Generated by org.testng.reporters.JUnitReportReporter -->
<testsuite hostname="localhost.localdomain" name="com.AXIS.TestPages.Notification.TC_ID_99992" tests="3" failures="0" timestamp="19 May 2017 10:37:41 GMT" time="171.339" errors="0">
  <testcase name="TC_ID_99992Test" time="57.342" classname="com.AXIS.TestPages.Notification.TC_ID_99992"/>
  <testcase name="TC_ID_99992Test" time="57.225" classname="com.AXIS.TestPages.Notification.TC_ID_99992"/>
  <testcase name="TC_ID_99992Test" time="56.772" classname="com.AXIS.TestPages.Notification.TC_ID_99992"/>
</testsuite> <!-- com.AXIS.TestPages.Notification.TC_ID_99992 -->
