<?xml version="1.0" encoding="UTF-8"?>
<!-- Generated by org.testng.reporters.JUnitReportReporter -->
<testsuite hostname="TTLCPU1409132" name="com.INDUSIND.TestPages.ETenderingModule.TC_ID_008" tests="1" failures="0" timestamp="23 Aug 2018 09:20:41 GMT" time="137.416" errors="0">
  <testcase name="TC_ID_008Test" time="137.416" classname="com.INDUSIND.TestPages.ETenderingModule.TC_ID_008"/>
</testsuite> <!-- com.INDUSIND.TestPages.ETenderingModule.TC_ID_008 -->
