<?xml version="1.0" encoding="UTF-8"?>
<!-- Generated by org.testng.reporters.JUnitReportReporter -->
<testsuite hostname="localhost.localdomain" name="com.AXIS.TestPages.MarketTicker.TC_ID_22227" tests="1" failures="0" timestamp="16 May 2017 17:11:48 GMT" time="160.502" errors="0">
  <testcase name="TC_ID_22227Test" time="160.502" classname="com.AXIS.TestPages.MarketTicker.TC_ID_22227"/>
</testsuite> <!-- com.AXIS.TestPages.MarketTicker.TC_ID_22227 -->
