<?xml version="1.0" encoding="UTF-8"?>
<!-- Generated by org.testng.reporters.JUnitReportReporter -->
<testsuite hostname="TTLCPU1303081" name="com.INDUSIND.TestPages.INDPayModule.TC_ID_S05" tests="1" failures="0" timestamp="22 Mar 2018 09:53:28 GMT" time="0.031" errors="1">
  <testcase name="TC_ID_001Test" time="0.031" classname="com.INDUSIND.TestPages.INDPayModule.TC_ID_S05">
    <error type="org.testng.TestNGException" message="
The data provider is trying to pass 10 parameters but the method com.INDUSIND.TestPages.INDPayModule.TC_ID_S05#TC_ID_001Test takes 9">
      <![CDATA[org.testng.TestNGException: 
The data provider is trying to pass 10 parameters but the method com.INDUSIND.TestPages.INDPayModule.TC_ID_S05#TC_ID_001Test takes 9
	at org.testng.internal.Invoker.injectParameters(Invoker.java:1230)
	at org.testng.internal.Invoker.invokeTestMethods(Invoker.java:1125)
	at org.testng.internal.TestMethodWorker.invokeTestMethods(TestMethodWorker.java:124)
	at org.testng.internal.TestMethodWorker.run(TestMethodWorker.java:108)
	at org.testng.TestRunner.privateRun(TestRunner.java:773)
	at org.testng.TestRunner.run(TestRunner.java:623)
	at org.testng.SuiteRunner.runTest(SuiteRunner.java:357)
	at org.testng.SuiteRunner.runSequentially(SuiteRunner.java:352)
	at org.testng.SuiteRunner.privateRun(SuiteRunner.java:310)
	at org.testng.SuiteRunner.run(SuiteRunner.java:259)
	at org.testng.SuiteRunnerWorker.runSuite(SuiteRunnerWorker.java:52)
	at org.testng.SuiteRunnerWorker.run(SuiteRunnerWorker.java:86)
	at org.testng.TestNG.runSuitesSequentially(TestNG.java:1185)
	at org.testng.TestNG.runSuitesLocally(TestNG.java:1110)
	at org.testng.TestNG.run(TestNG.java:1018)
	at org.testng.remote.AbstractRemoteTestNG.run(AbstractRemoteTestNG.java:114)
	at org.testng.remote.RemoteTestNG.initAndRun(RemoteTestNG.java:251)
	at org.testng.remote.RemoteTestNG.main(RemoteTestNG.java:77)
]]>
    </error>
  </testcase> <!-- TC_ID_001Test -->
</testsuite> <!-- com.INDUSIND.TestPages.INDPayModule.TC_ID_S05 -->
