<?xml version="1.0" encoding="UTF-8"?>
<!-- Generated by org.testng.reporters.JUnitReportReporter -->
<testsuite hostname="TTLCPU1409132" name="com.INDUSIND.TestPages.ETenderingModule.TC_ID_010" tests="1" failures="0" timestamp="23 Aug 2018 08:51:53 GMT" time="66.230" errors="0">
  <testcase name="TC_ID_010Test" time="66.230" classname="com.INDUSIND.TestPages.ETenderingModule.TC_ID_010"/>
</testsuite> <!-- com.INDUSIND.TestPages.ETenderingModule.TC_ID_010 -->
