<?xml version="1.0" encoding="UTF-8"?>
<!-- Generated by org.testng.reporters.JUnitReportReporter -->
<testsuite skipped="0" hostname="TTLCPU1312087" name="com.PAS.TestPages.AgencyModule.TC_ID_602" tests="1" failures="0" timestamp="20 Jun 2017 10:20:52 GMT" time="61.658" errors="0">
  <testcase name="TC_ID_602Test" time="61.658" classname="com.PAS.TestPages.AgencyModule.TC_ID_602"/>
</testsuite> <!-- com.PAS.TestPages.AgencyModule.TC_ID_602 -->
