<?xml version="1.0" encoding="UTF-8"?>
<!-- Generated by org.testng.reporters.JUnitReportReporter -->
<testsuite skipped="1" hostname="TTLCPU1411140" name="com.PAS.TestPages.AgencyModule.TC_ID_01" tests="2" failures="0" timestamp="10 Jul 2017 09:55:05 GMT" time="84.533" errors="0">
  <testcase name="TC_ID_01Test" time="0.017" classname="com.PAS.TestPages.AgencyModule.TC_ID_01">
    <skipped/>
  </testcase> <!-- TC_ID_01Test -->
  <testcase name="TC_ID_01Test" time="84.516" classname="com.PAS.TestPages.AgencyModule.TC_ID_01"/>
</testsuite> <!-- com.PAS.TestPages.AgencyModule.TC_ID_01 -->
