<?xml version="1.0" encoding="UTF-8"?>
<!-- Generated by org.testng.reporters.JUnitReportReporter -->
<testsuite hostname="localhost.localdomain" name="com.AXIS.TestPages.OfferingOverview.TC_ID_111110" tests="1" failures="0" timestamp="16 May 2017 17:11:48 GMT" time="16.759" errors="0">
  <testcase name="TC_ID_111110Test" time="16.759" classname="com.AXIS.TestPages.OfferingOverview.TC_ID_111110"/>
</testsuite> <!-- com.AXIS.TestPages.OfferingOverview.TC_ID_111110 -->
