<?xml version="1.0" encoding="UTF-8"?>
<!-- Generated by org.testng.reporters.JUnitReportReporter -->
<testsuite skipped="0" hostname="TTLCPU1312087" name="com.PAS.TestPages.AgencyModule.TC_ID_501" tests="1" failures="0" timestamp="20 Jun 2017 07:36:48 GMT" time="76.145" errors="0">
  <testcase name="TC_ID_501Test" time="76.145" classname="com.PAS.TestPages.AgencyModule.TC_ID_501"/>
</testsuite> <!-- com.PAS.TestPages.AgencyModule.TC_ID_501 -->
