<?xml version="1.0" encoding="UTF-8"?>
<!-- Generated by org.testng.reporters.JUnitReportReporter -->
<testsuite hostname="TTLCPU1409132" name="com.INDUSIND.TestPages.ETenderingModule.TC_ID_013" tests="1" failures="0" timestamp="23 Aug 2018 05:28:12 GMT" time="176.175" errors="0">
  <testcase name="TC_ID_013Test" time="176.175" classname="com.INDUSIND.TestPages.ETenderingModule.TC_ID_013"/>
</testsuite> <!-- com.INDUSIND.TestPages.ETenderingModule.TC_ID_013 -->
