<?xml version="1.0" encoding="UTF-8"?>
<!-- Generated by org.testng.reporters.JUnitReportReporter -->
<testsuite hostname="localhost.localdomain" name="com.AXIS.TestPages.Notification.TC_ID_99994" tests="3" failures="0" timestamp="26 May 2017 06:41:44 GMT" time="228.379" errors="0">
  <testcase name="TC_ID_99994Test" time="70.062" classname="com.AXIS.TestPages.Notification.TC_ID_99994"/>
  <testcase name="TC_ID_99994Test" time="71.758" classname="com.AXIS.TestPages.Notification.TC_ID_99994"/>
  <testcase name="TC_ID_99994Test" time="86.559" classname="com.AXIS.TestPages.Notification.TC_ID_99994"/>
</testsuite> <!-- com.AXIS.TestPages.Notification.TC_ID_99994 -->
