<?xml version="1.0" encoding="UTF-8"?>
<!-- Generated by org.testng.reporters.JUnitReportReporter -->
<testsuite hostname="localhost.localdomain" name="com.AXIS.TestPages.Markets.TC_ID_44442" tests="1" failures="0" timestamp="17 May 2017 11:30:40 GMT" time="43.907" errors="0">
  <testcase name="TC_ID_44442Test" time="43.907" classname="com.AXIS.TestPages.Markets.TC_ID_44442"/>
</testsuite> <!-- com.AXIS.TestPages.Markets.TC_ID_44442 -->
