<?xml version="1.0" encoding="UTF-8"?>
<!-- Generated by org.testng.reporters.JUnitReportReporter -->
<testsuite hostname="localhost.localdomain" name="com.AXIS.TestPages.MarketTicker.TC_ID_22234" tests="1" failures="0" timestamp="16 May 2017 17:11:48 GMT" time="176.153" errors="0">
  <testcase name="TC_ID_22234Test" time="176.153" classname="com.AXIS.TestPages.MarketTicker.TC_ID_22234"/>
</testsuite> <!-- com.AXIS.TestPages.MarketTicker.TC_ID_22234 -->
