<?xml version="1.0" encoding="UTF-8"?>
<!-- Generated by org.testng.reporters.JUnitReportReporter -->
<testsuite hostname="localhost.localdomain" name="com.AXIS.TestPages.OfferingOverview.TC_ID_11111" tests="7" failures="0" timestamp="16 May 2017 17:11:48 GMT" time="156.265" errors="0">
  <testcase name="TC_ID_11111Test" time="24.145" classname="com.AXIS.TestPages.OfferingOverview.TC_ID_11111"/>
  <testcase name="TC_ID_11111Test" time="21.844" classname="com.AXIS.TestPages.OfferingOverview.TC_ID_11111"/>
  <testcase name="TC_ID_11111Test" time="21.813" classname="com.AXIS.TestPages.OfferingOverview.TC_ID_11111"/>
  <testcase name="TC_ID_11111Test" time="22.135" classname="com.AXIS.TestPages.OfferingOverview.TC_ID_11111"/>
  <testcase name="TC_ID_11111Test" time="22.078" classname="com.AXIS.TestPages.OfferingOverview.TC_ID_11111"/>
  <testcase name="TC_ID_11111Test" time="22.101" classname="com.AXIS.TestPages.OfferingOverview.TC_ID_11111"/>
  <testcase name="TC_ID_11111Test" time="22.149" classname="com.AXIS.TestPages.OfferingOverview.TC_ID_11111"/>
</testsuite> <!-- com.AXIS.TestPages.OfferingOverview.TC_ID_11111 -->
