<?xml version="1.0" encoding="UTF-8"?>
<!-- Generated by org.testng.reporters.JUnitReportReporter -->
<testsuite hostname="TTLCPU1409132" name="com.INDUSIND.TestPages.ETenderingModule.TC_ID_015" tests="1" failures="0" timestamp="23 Aug 2018 05:21:36 GMT" time="11.437" errors="0">
  <testcase name="TC_ID_015Test" time="11.437" classname="com.INDUSIND.TestPages.ETenderingModule.TC_ID_015"/>
</testsuite> <!-- com.INDUSIND.TestPages.ETenderingModule.TC_ID_015 -->
