<?xml version="1.0" encoding="UTF-8"?>
<!-- Generated by org.testng.reporters.JUnitReportReporter -->
<testsuite hostname="localhost.localdomain" name="com.AXIS.TestPages.MarketTicker.TC_ID_22242" tests="1" failures="0" timestamp="16 May 2017 17:11:48 GMT" time="165.013" errors="0">
  <testcase name="TC_ID_22242Test" time="165.013" classname="com.AXIS.TestPages.MarketTicker.TC_ID_22242"/>
</testsuite> <!-- com.AXIS.TestPages.MarketTicker.TC_ID_22242 -->
