<?xml version="1.0" encoding="UTF-8"?>
<!-- Generated by org.testng.reporters.JUnitReportReporter -->
<testsuite hostname="localhost.localdomain" name="com.AXIS.TestPages.IWPAS.TC_ID_IW13SM" tests="1" failures="0" timestamp="30 May 2017 11:22:37 GMT" time="153.762" errors="0">
  <testcase name="TC_ID_IW13SMTest" time="153.762" classname="com.AXIS.TestPages.IWPAS.TC_ID_IW13SM"/>
</testsuite> <!-- com.AXIS.TestPages.IWPAS.TC_ID_IW13SM -->
