<?xml version="1.0" encoding="UTF-8"?>
<!-- Generated by org.testng.reporters.JUnitReportReporter -->
<testsuite hostname="TTLCPU1409132" name="com.INDUSIND.TestPages.ETenderingModule.TC_ID_006" tests="1" failures="0" timestamp="23 Aug 2018 07:37:51 GMT" time="209.934" errors="0">
  <testcase name="TC_ID_006Test" time="209.934" classname="com.INDUSIND.TestPages.ETenderingModule.TC_ID_006"/>
</testsuite> <!-- com.INDUSIND.TestPages.ETenderingModule.TC_ID_006 -->
