<?xml version="1.0" encoding="UTF-8"?>
<!-- Generated by org.testng.reporters.JUnitReportReporter -->
<testsuite hostname="TTLCPU1409132" name="com.INDUSIND.TestPages.INDPayModule.TC_ID_001" tests="1" failures="0" timestamp="23 Aug 2018 09:22:33 GMT" time="15.399" errors="0">
  <testcase name="TC_ID_001Test" time="15.399" classname="com.INDUSIND.TestPages.INDPayModule.TC_ID_001"/>
</testsuite> <!-- com.INDUSIND.TestPages.INDPayModule.TC_ID_001 -->
