<?xml version="1.0" encoding="UTF-8"?>
<!-- Generated by org.testng.reporters.JUnitReportReporter -->
<testsuite hostname="localhost.localdomain" name="com.AXIS.TestPages.OfferingOverview.TC_ID_111118" tests="1" failures="0" timestamp="16 May 2017 17:11:48 GMT" time="38.165" errors="0">
  <testcase name="TC_ID_111118Test" time="38.165" classname="com.AXIS.TestPages.OfferingOverview.TC_ID_111118"/>
</testsuite> <!-- com.AXIS.TestPages.OfferingOverview.TC_ID_111118 -->
