<?xml version="1.0" encoding="UTF-8"?>
<!-- Generated by org.testng.reporters.JUnitReportReporter -->
<testsuite hostname="localhost.localdomain" name="com.AXIS.TestPages.OfferingOverview.TC_ID_111116" tests="7" failures="0" timestamp="16 May 2017 17:11:48 GMT" time="123.905" errors="0">
  <testcase name="TC_ID_111116Test" time="18.060" classname="com.AXIS.TestPages.OfferingOverview.TC_ID_111116"/>
  <testcase name="TC_ID_111116Test" time="18.199" classname="com.AXIS.TestPages.OfferingOverview.TC_ID_111116"/>
  <testcase name="TC_ID_111116Test" time="19.579" classname="com.AXIS.TestPages.OfferingOverview.TC_ID_111116"/>
  <testcase name="TC_ID_111116Test" time="15.933" classname="com.AXIS.TestPages.OfferingOverview.TC_ID_111116"/>
  <testcase name="TC_ID_111116Test" time="18.121" classname="com.AXIS.TestPages.OfferingOverview.TC_ID_111116"/>
  <testcase name="TC_ID_111116Test" time="17.205" classname="com.AXIS.TestPages.OfferingOverview.TC_ID_111116"/>
  <testcase name="TC_ID_111116Test" time="16.808" classname="com.AXIS.TestPages.OfferingOverview.TC_ID_111116"/>
</testsuite> <!-- com.AXIS.TestPages.OfferingOverview.TC_ID_111116 -->
