<?xml version="1.0" encoding="UTF-8"?>
<!-- Generated by org.testng.reporters.JUnitReportReporter -->
<testsuite hostname="localhost.localdomain" name="com.AXIS.TestPages.Markets.TC_ID_44443" tests="1" failures="0" timestamp="17 May 2017 11:22:57 GMT" time="75.049" errors="0">
  <testcase name="TC_ID_44443Test" time="75.049" classname="com.AXIS.TestPages.Markets.TC_ID_44443"/>
</testsuite> <!-- com.AXIS.TestPages.Markets.TC_ID_44443 -->
