<?xml version="1.0" encoding="UTF-8"?>
<!-- Generated by org.testng.reporters.JUnitReportReporter -->
<testsuite hostname="localhost.localdomain" name="com.AXIS.TestPages.Research.TC_ID_88882" tests="1" failures="0" timestamp="17 May 2017 14:53:26 GMT" time="112.778" errors="0">
  <testcase name="TC_ID_88882Test" time="112.778" classname="com.AXIS.TestPages.Research.TC_ID_88882"/>
</testsuite> <!-- com.AXIS.TestPages.Research.TC_ID_88882 -->
