<?xml version="1.0" encoding="UTF-8"?>
<!-- Generated by org.testng.reporters.JUnitReportReporter -->
<testsuite hostname="localhost.localdomain" name="com.AXIS.TestPages.MarketTicker.TC_ID_22255" tests="1" failures="0" timestamp="16 May 2017 17:11:48 GMT" time="161.788" errors="0">
  <testcase name="TC_ID_22255Test" time="161.788" classname="com.AXIS.TestPages.MarketTicker.TC_ID_22255"/>
</testsuite> <!-- com.AXIS.TestPages.MarketTicker.TC_ID_22255 -->
