<?xml version="1.0" encoding="UTF-8"?>
<!-- Generated by org.testng.reporters.JUnitReportReporter -->
<testsuite hostname="jchinnathambi-lap" failures="0" tests="2" name="com.APB.TestPages.Login.TC_ID_001" time="6.367" errors="0" timestamp="28 Jun 2022 07:27:52 GMT">
  <testcase classname="com.APB.TestPages.Login.TC_ID_001" name="TC_ID_001Test" time="3.138"/>
  <testcase classname="com.APB.TestPages.Login.TC_ID_001" name="TC_ID_001Test" time="3.229"/>
</testsuite> <!-- com.APB.TestPages.Login.TC_ID_001 -->
