<?xml version="1.0" encoding="UTF-8"?>
<!-- Generated by org.testng.reporters.JUnitReportReporter -->
<testsuite hostname="localhost.localdomain" name="com.AXIS.TestPages.MarketTicker.TC_ID_22240" tests="1" failures="0" timestamp="16 May 2017 17:11:48 GMT" time="163.212" errors="0">
  <testcase name="TC_ID_22240Test" time="163.212" classname="com.AXIS.TestPages.MarketTicker.TC_ID_22240"/>
</testsuite> <!-- com.AXIS.TestPages.MarketTicker.TC_ID_22240 -->
