<?xml version="1.0" encoding="UTF-8"?>
<!-- Generated by org.testng.reporters.JUnitReportReporter -->
<testsuite hostname="localhost.localdomain" name="com.AXIS.TestPages.MarketTicker.TC_ID_22233" tests="1" failures="0" timestamp="16 May 2017 17:11:48 GMT" time="166.008" errors="0">
  <testcase name="TC_ID_22233Test" time="166.008" classname="com.AXIS.TestPages.MarketTicker.TC_ID_22233"/>
</testsuite> <!-- com.AXIS.TestPages.MarketTicker.TC_ID_22233 -->
