<?xml version="1.0" encoding="UTF-8"?>
<!-- Generated by org.testng.reporters.JUnitReportReporter -->
<testsuite hostname="localhost.localdomain" name="com.AXIS.TestPages.Markets.TC_ID_44441" tests="1" failures="0" timestamp="17 May 2017 11:33:28 GMT" time="132.803" errors="0">
  <testcase name="TC_ID_44441Test" time="132.803" classname="com.AXIS.TestPages.Markets.TC_ID_44441"/>
</testsuite> <!-- com.AXIS.TestPages.Markets.TC_ID_44441 -->
