<?xml version="1.0" encoding="UTF-8"?>
<!-- Generated by org.testng.reporters.JUnitReportReporter -->
<testsuite hostname="TTLCPU1303081" name="com.INDUSIND.TestPages.DPSheetTCModule.TC_ID_S05" tests="1" failures="0" timestamp="22 Mar 2018 11:09:18 GMT" time="3.802" errors="0">
  <testcase name="TC_ID_001Test" time="3.802" classname="com.INDUSIND.TestPages.DPSheetTCModule.TC_ID_S05"/>
</testsuite> <!-- com.INDUSIND.TestPages.DPSheetTCModule.TC_ID_S05 -->
