<?xml version="1.0" encoding="UTF-8"?>
<!-- Generated by org.testng.reporters.JUnitReportReporter -->
<testsuite hostname="TTLCPU1409132" name="com.INDUSIND.TestPages.ETenderingModule.TC_ID_011" tests="1" failures="0" timestamp="23 Aug 2018 07:06:35 GMT" time="177.329" errors="0">
  <testcase name="TC_ID_011Test" time="177.329" classname="com.INDUSIND.TestPages.ETenderingModule.TC_ID_011"/>
</testsuite> <!-- com.INDUSIND.TestPages.ETenderingModule.TC_ID_011 -->
