<?xml version="1.0" encoding="UTF-8"?>
<!-- Generated by org.testng.reporters.JUnitReportReporter -->
<testsuite hostname="localhost.localdomain" name="com.AXIS.TestPages.IWPAS.TC_ID_IW14TM" tests="1" failures="0" timestamp="1 Jun 2017 11:53:50 GMT" time="123.783" errors="0">
  <testcase name="TC_ID_IW14TMTest" time="123.783" classname="com.AXIS.TestPages.IWPAS.TC_ID_IW14TM"/>
</testsuite> <!-- com.AXIS.TestPages.IWPAS.TC_ID_IW14TM -->
