<?xml version="1.0" encoding="UTF-8"?>
<!-- Generated by org.testng.reporters.JUnitReportReporter -->
<testsuite hostname="localhost.localdomain" name="com.AXIS.TestPages.Notification.TC_ID_99991" tests="3" failures="0" timestamp="19 May 2017 10:20:46 GMT" time="138.570" errors="0">
  <testcase name="TC_ID_99991Test" time="45.683" classname="com.AXIS.TestPages.Notification.TC_ID_99991"/>
  <testcase name="TC_ID_99991Test" time="46.410" classname="com.AXIS.TestPages.Notification.TC_ID_99991"/>
  <testcase name="TC_ID_99991Test" time="46.477" classname="com.AXIS.TestPages.Notification.TC_ID_99991"/>
</testsuite> <!-- com.AXIS.TestPages.Notification.TC_ID_99991 -->
