<?xml version="1.0" encoding="UTF-8"?>
<!-- Generated by org.testng.reporters.JUnitReportReporter -->
<testsuite hostname="TTLCPU1303081" name="com.INDUSIND.TestPages.Client.TC_ID_003" tests="1" failures="0" timestamp="17 May 2018 06:07:47 GMT" time="107.299" errors="0">
  <testcase name="TC_ID_003Test" time="107.299" classname="com.INDUSIND.TestPages.Client.TC_ID_003"/>
</testsuite> <!-- com.INDUSIND.TestPages.Client.TC_ID_003 -->
